specschou1,AllThread start.
specschou1: tast start! 0
map:{79=Task [taskId=79, sceneId=27, type=2, leftMatchId=[-384, -385, -386, -387, -388]], 96=Task [taskId=96, sceneId=26, type=3, leftMatchId=[-383, -383, -383, -383, -383]], 78=Task [taskId=78, sceneId=26, type=2, leftMatchId=[-379, -380, -381, -382, -383]], 77=Task [taskId=77, sceneId=25, type=2, leftMatchId=[-374, -375, -376, -377, -378]], 94=Task [taskId=94, sceneId=24, type=3, leftMatchId=[-373, -373, -373, -373, -373]], 57=Task [taskId=57, sceneId=8, type=1, leftMatchId=[-129, -129, -129, -129, -129, -129, -129, -129, -129, -129]], 56=Task [taskId=56, sceneId=7, type=1, leftMatchId=[-124, -124, -124, -124, -124, -124, -124, -124, -124, -124]], 51=Task [taskId=51, sceneId=7, type=2, leftMatchId=[-124, -125, -126, -127, -128]], 52=Task [taskId=52, sceneId=8, type=2, leftMatchId=[-129, -130, -131, -132, -133]], 62=Task [taskId=62, sceneId=8, type=3, leftMatchId=[-133, -133, -133, -133, -133]], 80=Task [taskId=80, sceneId=28, type=2, leftMatchId=[-389, -390, -391, -392, -393]], 86=Task [taskId=86, sceneId=25, type=1, leftMatchId=[-374, -374, -374, -374, -374, -374, -374, -374, -374, -374]], 61=Task [taskId=61, sceneId=7, type=3, leftMatchId=[-128, -128, -128, -128, -128]], 87=Task [taskId=87, sceneId=26, type=1, leftMatchId=[-379, -379, -379, -379, -379, -379, -379, -379, -379, -379]], 75=Task [taskId=75, sceneId=23, type=2, leftMatchId=[-364, -365, -366, -367, -368]], 84=Task [taskId=84, sceneId=23, type=1, leftMatchId=[-364, -364, -364, -364, -364, -364, -364, -364, -364, -364]], 88=Task [taskId=88, sceneId=27, type=1, leftMatchId=[-384, -384, -384, -384, -384, -384, -384, -384, -384, -384]], 89=Task [taskId=89, sceneId=28, type=1, leftMatchId=[-389, -389, -389, -389, -389, -389, -389, -389, -389, -389]], 76=Task [taskId=76, sceneId=24, type=2, leftMatchId=[-369, -370, -371, -372, -373]], 85=Task [taskId=85, sceneId=24, type=1, leftMatchId=[-369, -369, -369, -369, -369, -369, -369, -369, -369, -369]]}
specschou1,queue:3,TaskQueue [queue=[Task [taskId=57, sceneId=8, type=1, leftMatchId=[-129, -129]], Task [taskId=52, sceneId=8, type=2, leftMatchId=[-130, -131, -132, -133]], Task [taskId=62, sceneId=8, type=3, leftMatchId=[-133, -133, -133, -133]]], host=http://f9.xba.com.cn, mainCookie=DomainFirstCost=3014BC6652B039DF; DomainIsChild=DB98EB1E077CD956DA836F8ABE566533736841B841192F56; Football=UserID=3014BC6652B039DF&UnionID=064E8521A67CE8C8&Gender=False&NickName=%e5%a4%a7%e8%83%96%e8%83%96&SID=F8B7D875089E66866307AC4512EE2D88; DomainUserID=3014BC6652B039DF;]
更新场景:8
specschou1,,TrainMatchTask,Mon Mar 19 22:00:51 CST 2012挑战成功
specschou,AllThread start.
giftBag:80
urlhttp://f9.xba.com.cn/ToolShop/CoinToTool.aspx?Type=15&GiftBag=80
specschou:<table cellpadding="0" cellspacing="0" border="0" style="width:420px;"><tr><td style="padding:10px 25px 0px;text-align:center;font-weight:bold;">打开礼包成功。您获得了下列物品</td></tr><tr><td style="padding:10px 25px 0px;text-align:center;color:red;">代金券1</td></tr><tr><td style="text-align:center;padding:10px;10px;"><input class="Button70" type="button" value="确定" onclick="dialog.close('OpenOnlineGiftBag');ClubOffice.UpdateTimeWork();if($('GoldShop')){PopupBox.ShowToolShop(1);};get_clubmoney('0,0,0,1');"/></td></tr></table>
specschou: tast start! 0
specschou,queue:3,TaskQueue [queue=[Task [taskId=62, sceneId=8, type=3, leftMatchId=[-133, -133]], Task [taskId=52, sceneId=8, type=2, leftMatchId=[-129, -130, -131, -132, -133]], Task [taskId=57, sceneId=8, type=1, leftMatchId=[-129, -129, -129, -129, -129, -129, -129, -129, -129, -129]]], host=http://f9.xba.com.cn, mainCookie=DomainFirstCost=49C331D18A41F43F; DomainIsChild=91780882B40F511CDF9D2EB7BE212AAB2B7F37C2B5085BB3; DomainUserID=49C331D18A41F43F; Football=UserID=49C331D18A41F43F&UnionID=064E8521A67CE8C8&Gender=False&NickName=%e4%ba%8c%e8%83%96%e8%83%96&SID=7623EB74F6842AC779AF4884E3188569;]
更新场景:8
specschou,,TrainMatchTask,Mon Mar 19 22:01:20 CST 2012挑战成功
specschou1: tast start! 0
specschou1,queue:3,TaskQueue [queue=[Task [taskId=57, sceneId=8, type=1, leftMatchId=[-129, -129]], Task [taskId=52, sceneId=8, type=2, leftMatchId=[-130, -131, -132, -133]], Task [taskId=62, sceneId=8, type=3, leftMatchId=[-133, -133, -133, -133]]], host=http://f9.xba.com.cn, mainCookie=DomainFirstCost=3014BC6652B039DF; DomainIsChild=DB98EB1E077CD956DA836F8ABE566533736841B841192F56; Football=UserID=3014BC6652B039DF&UnionID=064E8521A67CE8C8&Gender=False&NickName=%e5%a4%a7%e8%83%96%e8%83%96&SID=F8B7D875089E66866307AC4512EE2D88; DomainUserID=3014BC6652B039DF;]
更新场景:8
specschou1,,TrainMatchTask,Mon Mar 19 22:01:50 CST 2012您有一场正在进行的比赛
specschou: tast start! 0
specschou,queue:3,TaskQueue [queue=[Task [taskId=62, sceneId=8, type=3, leftMatchId=[-133, -133]], Task [taskId=52, sceneId=8, type=2, leftMatchId=[-129, -130, -131, -132, -133]], Task [taskId=57, sceneId=8, type=1, leftMatchId=[-129, -129, -129, -129, -129, -129, -129, -129, -129, -129]]], host=http://f9.xba.com.cn, mainCookie=DomainFirstCost=49C331D18A41F43F; DomainIsChild=91780882B40F511CDF9D2EB7BE212AAB2B7F37C2B5085BB3; DomainUserID=49C331D18A41F43F; Football=UserID=49C331D18A41F43F&UnionID=064E8521A67CE8C8&Gender=False&NickName=%e4%ba%8c%e8%83%96%e8%83%96&SID=7623EB74F6842AC779AF4884E3188569;]
更新场景:8
specschou,,TrainMatchTask,Mon Mar 19 22:01:58 CST 2012您有一场正在进行的比赛
specschou1: tast start! 0
specschou1,queue:3,TaskQueue [queue=[Task [taskId=57, sceneId=8, type=1, leftMatchId=[-129]], Task [taskId=52, sceneId=8, type=2, leftMatchId=[-130, -131, -132, -133]], Task [taskId=62, sceneId=8, type=3, leftMatchId=[-133, -133, -133, -133]]], host=http://f9.xba.com.cn, mainCookie=DomainFirstCost=3014BC6652B039DF; DomainIsChild=DB98EB1E077CD956DA836F8ABE566533736841B841192F56; Football=UserID=3014BC6652B039DF&UnionID=064E8521A67CE8C8&Gender=False&NickName=%e5%a4%a7%e8%83%96%e8%83%96&SID=F8B7D875089E66866307AC4512EE2D88; DomainUserID=3014BC6652B039DF;]
更新场景:8
specschou1,,TrainMatchTask,Mon Mar 19 22:02:50 CST 2012您有一场正在进行的比赛
specschou: tast start! 0
specschou,queue:3,TaskQueue [queue=[Task [taskId=62, sceneId=8, type=3, leftMatchId=[-133]], Task [taskId=52, sceneId=8, type=2, leftMatchId=[-129, -130, -131, -132, -133]], Task [taskId=57, sceneId=8, type=1, leftMatchId=[-129, -129, -129, -129, -129, -129, -129, -129, -129, -129]]], host=http://f9.xba.com.cn, mainCookie=DomainFirstCost=49C331D18A41F43F; DomainIsChild=91780882B40F511CDF9D2EB7BE212AAB2B7F37C2B5085BB3; DomainUserID=49C331D18A41F43F; Football=UserID=49C331D18A41F43F&UnionID=064E8521A67CE8C8&Gender=False&NickName=%e4%ba%8c%e8%83%96%e8%83%96&SID=7623EB74F6842AC779AF4884E3188569;]
更新场景:8
specschou,,TrainMatchTask,Mon Mar 19 22:02:58 CST 2012您有一场正在进行的比赛
specschou1: tast start! 0
specschou1,queue:3,TaskQueue [queue=[Task [taskId=57, sceneId=8, type=1, leftMatchId=[-129]], Task [taskId=52, sceneId=8, type=2, leftMatchId=[-130, -131, -132, -133]], Task [taskId=62, sceneId=8, type=3, leftMatchId=[-133, -133, -133, -133]]], host=http://f9.xba.com.cn, mainCookie=DomainFirstCost=3014BC6652B039DF; DomainIsChild=DB98EB1E077CD956DA836F8ABE566533736841B841192F56; Football=UserID=3014BC6652B039DF&UnionID=064E8521A67CE8C8&Gender=False&NickName=%e5%a4%a7%e8%83%96%e8%83%96&SID=F8B7D875089E66866307AC4512EE2D88; DomainUserID=3014BC6652B039DF;]
更新场景:8
specschou1,,TrainMatchTask,Mon Mar 19 22:03:50 CST 2012您有一场正在进行的比赛
specschou: tast start! 0
specschou,queue:3,TaskQueue [queue=[Task [taskId=62, sceneId=8, type=3, leftMatchId=[-133]], Task [taskId=52, sceneId=8, type=2, leftMatchId=[-129, -130, -131, -132, -133]], Task [taskId=57, sceneId=8, type=1, leftMatchId=[-129, -129, -129, -129, -129, -129, -129, -129, -129, -129]]], host=http://f9.xba.com.cn, mainCookie=DomainFirstCost=49C331D18A41F43F; DomainIsChild=91780882B40F511CDF9D2EB7BE212AAB2B7F37C2B5085BB3; DomainUserID=49C331D18A41F43F; Football=UserID=49C331D18A41F43F&UnionID=064E8521A67CE8C8&Gender=False&NickName=%e4%ba%8c%e8%83%96%e8%83%96&SID=7623EB74F6842AC779AF4884E3188569;]
更新场景:8
specschou,,TrainMatchTask,Mon Mar 19 22:03:57 CST 2012您有一场正在进行的比赛
