org.apache.http.conn.HttpHostConnectException: Connection to http://f9.xba.com.cn refused
	at org.apache.http.impl.conn.DefaultClientConnectionOperator.openConnection(DefaultClientConnectionOperator.java:158)
	at org.apache.http.impl.conn.AbstractPoolEntry.open(AbstractPoolEntry.java:149)
	at org.apache.http.impl.conn.AbstractPooledConnAdapter.open(AbstractPooledConnAdapter.java:121)
	at org.apache.http.impl.client.DefaultRequestDirector.tryConnect(DefaultRequestDirector.java:573)
	at org.apache.http.impl.client.DefaultRequestDirector.execute(DefaultRequestDirector.java:425)
	at org.apache.http.impl.client.AbstractHttpClient.execute(AbstractHttpClient.java:820)
	at org.apache.http.impl.client.AbstractHttpClient.execute(AbstractHttpClient.java:754)
	at com.jrj.yqcm.utils.HttpComponentUtils.get(HttpComponentUtils.java:116)
	at com.jrj.yqcm.utils.OperateUtil.get(OperateUtil.java:699)
	at com.jrj.yqcm.utils.OperateUtil.specialTrain(OperateUtil.java:635)
	at com.jrj.yqcm.TimeThread.run(TimeThread.java:109)
Caused by: java.net.ConnectException: Connection timed out: connect
	at java.net.PlainSocketImpl.socketConnect(Native Method)
	at java.net.PlainSocketImpl.doConnect(PlainSocketImpl.java:333)
	at java.net.PlainSocketImpl.connectToAddress(PlainSocketImpl.java:195)
	at java.net.PlainSocketImpl.connect(PlainSocketImpl.java:182)
	at java.net.SocksSocketImpl.connect(SocksSocketImpl.java:366)
	at java.net.Socket.connect(Socket.java:518)
	at org.apache.http.conn.scheme.PlainSocketFactory.connectSocket(PlainSocketFactory.java:123)
	at org.apache.http.impl.conn.DefaultClientConnectionOperator.openConnection(DefaultClientConnectionOperator.java:148)
	... 10 more
java.lang.NullPointerException
	at com.jrj.yqcm.utils.OperateUtil.specialTrain(OperateUtil.java:636)
	at com.jrj.yqcm.TimeThread.run(TimeThread.java:109)
java.lang.NullPointerException
	at java.lang.String.replace(String.java:2208)
	at com.jrj.yqcm.utils.OperateUtil.openGiftBag(OperateUtil.java:523)
	at com.jrj.yqcm.utils.OperateUtil.openGiftBag(OperateUtil.java:488)
	at com.jrj.yqcm.TimeThread.run(TimeThread.java:65)
java.lang.NullPointerException
	at java.lang.String.replace(String.java:2208)
	at com.jrj.yqcm.utils.OperateUtil.openGiftBag(OperateUtil.java:523)
	at com.jrj.yqcm.utils.OperateUtil.openGiftBag(OperateUtil.java:488)
	at com.jrj.yqcm.TimeThread.run(TimeThread.java:65)
java.lang.NullPointerException
	at java.lang.String.replace(String.java:2208)
	at com.jrj.yqcm.utils.OperateUtil.openGiftBag(OperateUtil.java:523)
	at com.jrj.yqcm.utils.OperateUtil.openGiftBag(OperateUtil.java:488)
	at com.jrj.yqcm.TimeThread.run(TimeThread.java:65)
java.lang.NullPointerException
	at java.lang.String.replace(String.java:2208)
	at com.jrj.yqcm.utils.OperateUtil.openGiftBag(OperateUtil.java:523)
	at com.jrj.yqcm.utils.OperateUtil.openGiftBag(OperateUtil.java:488)
	at com.jrj.yqcm.TimeThread.run(TimeThread.java:65)
java.lang.NullPointerException
	at java.lang.String.replace(String.java:2208)
	at com.jrj.yqcm.utils.OperateUtil.openGiftBag(OperateUtil.java:523)
	at com.jrj.yqcm.utils.OperateUtil.openGiftBag(OperateUtil.java:488)
	at com.jrj.yqcm.TimeThread.run(TimeThread.java:65)
java.lang.NullPointerException
	at java.lang.String.replace(String.java:2208)
	at com.jrj.yqcm.utils.OperateUtil.openGiftBag(OperateUtil.java:523)
	at com.jrj.yqcm.utils.OperateUtil.openGiftBag(OperateUtil.java:488)
	at com.jrj.yqcm.TimeThread.run(TimeThread.java:65)
java.lang.NullPointerException
	at java.lang.String.replace(String.java:2208)
	at com.jrj.yqcm.utils.OperateUtil.openGiftBag(OperateUtil.java:523)
	at com.jrj.yqcm.utils.OperateUtil.openGiftBag(OperateUtil.java:488)
	at com.jrj.yqcm.TimeThread.run(TimeThread.java:65)
java.lang.NullPointerException
	at java.lang.String.replace(String.java:2208)
	at com.jrj.yqcm.utils.OperateUtil.openGiftBag(OperateUtil.java:523)
	at com.jrj.yqcm.utils.OperateUtil.openGiftBag(OperateUtil.java:488)
	at com.jrj.yqcm.TimeThread.run(TimeThread.java:65)
java.lang.NullPointerException
	at java.lang.String.replace(String.java:2208)
	at com.jrj.yqcm.utils.OperateUtil.openGiftBag(OperateUtil.java:523)
	at com.jrj.yqcm.utils.OperateUtil.openGiftBag(OperateUtil.java:488)
	at com.jrj.yqcm.TimeThread.run(TimeThread.java:65)
java.lang.NullPointerException
	at java.lang.String.replace(String.java:2208)
	at com.jrj.yqcm.utils.OperateUtil.openGiftBag(OperateUtil.java:523)
	at com.jrj.yqcm.utils.OperateUtil.openGiftBag(OperateUtil.java:488)
	at com.jrj.yqcm.TimeThread.run(TimeThread.java:65)
java.lang.NullPointerException
	at java.lang.String.replace(String.java:2208)
	at com.jrj.yqcm.utils.OperateUtil.openGiftBag(OperateUtil.java:523)
	at com.jrj.yqcm.utils.OperateUtil.openGiftBag(OperateUtil.java:488)
	at com.jrj.yqcm.TimeThread.run(TimeThread.java:65)
java.lang.NullPointerException
	at java.lang.String.replace(String.java:2208)
	at com.jrj.yqcm.utils.OperateUtil.openGiftBag(OperateUtil.java:523)
	at com.jrj.yqcm.utils.OperateUtil.openGiftBag(OperateUtil.java:488)
	at com.jrj.yqcm.TimeThread.run(TimeThread.java:65)
java.lang.NullPointerException
	at java.lang.String.replace(String.java:2208)
	at com.jrj.yqcm.utils.OperateUtil.openGiftBag(OperateUtil.java:523)
	at com.jrj.yqcm.utils.OperateUtil.openGiftBag(OperateUtil.java:488)
	at com.jrj.yqcm.TimeThread.run(TimeThread.java:65)
java.lang.NullPointerException
	at java.lang.String.replace(String.java:2208)
	at com.jrj.yqcm.utils.OperateUtil.openGiftBag(OperateUtil.java:523)
	at com.jrj.yqcm.utils.OperateUtil.openGiftBag(OperateUtil.java:488)
	at com.jrj.yqcm.TimeThread.run(TimeThread.java:65)
org.apache.http.conn.HttpHostConnectException: Connection to http://f9.xba.com.cn refused
	at org.apache.http.impl.conn.DefaultClientConnectionOperator.openConnection(DefaultClientConnectionOperator.java:158)
	at org.apache.http.impl.conn.AbstractPoolEntry.open(AbstractPoolEntry.java:149)
	at org.apache.http.impl.conn.AbstractPooledConnAdapter.open(AbstractPooledConnAdapter.java:121)
	at org.apache.http.impl.client.DefaultRequestDirector.tryConnect(DefaultRequestDirector.java:573)
	at org.apache.http.impl.client.DefaultRequestDirector.execute(DefaultRequestDirector.java:425)
	at org.apache.http.impl.client.AbstractHttpClient.execute(AbstractHttpClient.java:820)
	at org.apache.http.impl.client.AbstractHttpClient.execute(AbstractHttpClient.java:754)
	at com.jrj.yqcm.utils.HttpComponentUtils.get(HttpComponentUtils.java:116)
	at com.jrj.yqcm.task.PlayerTrainTask.run(PlayerTrainTask.java:57)
	at java.util.TimerThread.mainLoop(Timer.java:512)
	at java.util.TimerThread.run(Timer.java:462)
Caused by: java.net.ConnectException: Connection timed out: connect
	at java.net.PlainSocketImpl.socketConnect(Native Method)
	at java.net.PlainSocketImpl.doConnect(PlainSocketImpl.java:333)
	at java.net.PlainSocketImpl.connectToAddress(PlainSocketImpl.java:195)
	at java.net.PlainSocketImpl.connect(PlainSocketImpl.java:182)
	at java.net.SocksSocketImpl.connect(SocksSocketImpl.java:366)
	at java.net.Socket.connect(Socket.java:518)
	at org.apache.http.conn.scheme.PlainSocketFactory.connectSocket(PlainSocketFactory.java:123)
	at org.apache.http.impl.conn.DefaultClientConnectionOperator.openConnection(DefaultClientConnectionOperator.java:148)
	... 10 more
java.lang.NullPointerException
	at com.jrj.yqcm.task.PlayerTrainTask.run(PlayerTrainTask.java:58)
	at java.util.TimerThread.mainLoop(Timer.java:512)
	at java.util.TimerThread.run(Timer.java:462)
org.apache.http.conn.HttpHostConnectException: Connection to http://f9.xba.com.cn refused
	at org.apache.http.impl.conn.DefaultClientConnectionOperator.openConnection(DefaultClientConnectionOperator.java:158)
	at org.apache.http.impl.conn.AbstractPoolEntry.open(AbstractPoolEntry.java:149)
	at org.apache.http.impl.conn.AbstractPooledConnAdapter.open(AbstractPooledConnAdapter.java:121)
	at org.apache.http.impl.client.DefaultRequestDirector.tryConnect(DefaultRequestDirector.java:573)
	at org.apache.http.impl.client.DefaultRequestDirector.execute(DefaultRequestDirector.java:425)
	at org.apache.http.impl.client.AbstractHttpClient.execute(AbstractHttpClient.java:820)
	at org.apache.http.impl.client.AbstractHttpClient.execute(AbstractHttpClient.java:754)
	at com.jrj.yqcm.utils.HttpComponentUtils.get(HttpComponentUtils.java:116)
	at com.jrj.yqcm.utils.WorldCupUtil.noMatch(WorldCupUtil.java:26)
	at com.jrj.yqcm.WorldCupThread.run(WorldCupThread.java:198)
Caused by: java.net.ConnectException: Connection timed out: connect
	at java.net.PlainSocketImpl.socketConnect(Native Method)
	at java.net.PlainSocketImpl.doConnect(PlainSocketImpl.java:333)
	at java.net.PlainSocketImpl.connectToAddress(PlainSocketImpl.java:195)
	at java.net.PlainSocketImpl.connect(PlainSocketImpl.java:182)
	at java.net.SocksSocketImpl.connect(SocksSocketImpl.java:366)
	at java.net.Socket.connect(Socket.java:518)
	at org.apache.http.conn.scheme.PlainSocketFactory.connectSocket(PlainSocketFactory.java:123)
	at org.apache.http.impl.conn.DefaultClientConnectionOperator.openConnection(DefaultClientConnectionOperator.java:148)
	... 9 more
java.lang.NullPointerException
	at com.jrj.yqcm.utils.OperateUtil.formatContent(OperateUtil.java:713)
	at com.jrj.yqcm.WorldCupThread.run(WorldCupThread.java:203)
